eeschema (2013-june-11)-stable  >> Creation date: Sun 11 Oct 2015 06:36:18 PM CEST
#Cmp ( order = Reference )
| D1         3V3         
| D2         3V3         
| J1         4P4C        
| J2         4P4C        
| J3         4P4C        
| JP1        JUMPER      
| P1         RPIGPIO     
| R1         100         
| R2         100         
| U1         SPRK_HTU21D 
| U2         ADA_BMP180  
| VR1        VR          
#End Cmp

#Cmp ( order = Value )
| 3V3          D1        
| 3V3          D2        
| 4P4C         J1        
| 4P4C         J2        
| 4P4C         J3        
| JUMPER       JP1       
| RPIGPIO      P1        
| 100          R1        
| 100          R2        
| SPRK_HTU21D  U1        
| ADA_BMP180   U2        
| VR           VR1       
#End Cmp

#End List
